 
****************************************
Report : area
Design : elevator_fsm
Version: O-2018.06-SP1
Date   : Sun Nov  5 20:11:38 2023
****************************************

Library(s) Used:

    IBM_CMOS8HP_SS125 (File: /apps/design_kits/ibm_kits/IBM_IP/ibm_cmos8hp/std_cell/sc/v.20110613/synopsys/ss_125/IBM_CMOS8HP_SS125.db)

Number of ports:                           48
Number of nets:                           295
Number of cells:                          252
Number of combinational cells:            235
Number of sequential cells:                10
Number of macros/black boxes:               0
Number of buf/inv:                        144
Number of references:                      49

Combinational area:               2461.440051
Buf/Inv area:                     1336.320028
Noncombinational area:             403.199997
Macro/Black Box area:                0.000000
Net Interconnect area:      undefined  (Wire load has zero net area)

Total cell area:                  2864.640048
Total area:                 undefined
1
