 
****************************************
Report : area
Design : elevator_fsm
Version: O-2018.06-SP1
Date   : Sun Nov  5 20:11:38 2023
****************************************

Library(s) Used:

    IBM_CMOS8HP_SS125 (File: /apps/design_kits/ibm_kits/IBM_IP/ibm_cmos8hp/std_cell/sc/v.20110613/synopsys/ss_125/IBM_CMOS8HP_SS125.db)

Number of ports:                           48
Number of nets:                           295
Number of cells:                          252
Number of combinational cells:            235
Number of sequential cells:                10
Number of macros/black boxes:               0
Number of buf/inv:                        144
Number of references:                      49

Combinational area:               2461.440051
Buf/Inv area:                     1336.320028
Noncombinational area:             403.199997
Macro/Black Box area:                0.000000
Net Interconnect area:      undefined  (Wire load has zero net area)

Total cell area:                  2864.640048
Total area:                 undefined

Hierarchical area distribution
------------------------------

                                  Global cell area          Local cell area
                                  ------------------  ---------------------------- 
Hierarchical cell                 Absolute   Percent  Combi-     Noncombi-  Black-
                                  Total      Total    national   national   boxes   Design
--------------------------------  ---------  -------  ---------  ---------  ------  -----------------
elevator_fsm                      2864.6400    100.0  2188.8000   120.9600  0.0000  elevator_fsm
floor_one_button                    94.0800      3.3    53.7600    40.3200  0.0000  elevator_button_6
floor_one_up_button                 71.0400      2.5    30.7200    40.3200  0.0000  elevator_button_3
floor_three_button                  69.1200      2.4    28.8000    40.3200  0.0000  elevator_button_4
floor_three_down_button             82.5600      2.9    42.2400    40.3200  0.0000  elevator_button_0
floor_two_button                    88.3200      3.1    48.0000    40.3200  0.0000  elevator_button_5
floor_two_down_button               69.1200      2.4    28.8000    40.3200  0.0000  elevator_button_1
floor_two_up_button                 80.6400      2.8    40.3200    40.3200  0.0000  elevator_button_2
--------------------------------  ---------  -------  ---------  ---------  ------  -----------------
Total                                                 2461.4401   403.2000  0.0000

1
